2024-03-21 15:02:42,329 - root - INFO - Logging configured.
2024-03-21 15:02:42,363 - root - INFO - Environment variables loaded.
2024-03-21 15:02:42,429 - root - INFO - Command 'add' from plugin 'add' registered.
2024-03-21 15:02:48,949 - root - INFO - Command 'csv' from plugin 'csv' registered.
2024-03-21 15:02:48,959 - root - INFO - Command 'data' from plugin 'data' registered.
2024-03-21 15:02:48,966 - root - INFO - Command 'divide' from plugin 'divide' registered.
2024-03-21 15:02:48,976 - root - INFO - Command 'exit' from plugin 'exit' registered.
2024-03-21 15:02:48,981 - root - INFO - Command 'generate' from plugin 'generate' registered.
2024-03-21 15:02:48,988 - root - INFO - Command 'greet' from plugin 'greet' registered.
2024-03-21 15:02:49,005 - root - INFO - Command 'menu' from plugin 'menu' registered.
2024-03-21 15:02:49,014 - root - INFO - Command 'multiply' from plugin 'multiply' registered.
2024-03-21 15:02:49,020 - root - INFO - Command 'subtract' from plugin 'subtract' registered.
2024-03-21 15:02:49,024 - root - INFO - Application started. Type 'exit' to exit.
2024-03-21 15:03:10,275 - root - INFO - List example: ['apple', 'banana', 'cherry']
2024-03-21 15:03:10,282 - root - INFO - I pick an apple
2024-03-21 15:03:10,282 - root - INFO - List after adding an item: ['apple', 'banana', 'cherry', 'date']
2024-03-21 15:03:10,282 - root - INFO - Tuple example: (1, 2, 3, 4)
2024-03-21 15:03:10,282 - root - INFO - Set example: {1, 2, 3, 4}
2024-03-21 15:03:10,282 - root - INFO - whats different {1}
2024-03-21 15:03:10,282 - root - INFO - Set after adding an item: {1, 2, 3, 4, 5}
2024-03-21 15:03:10,290 - root - INFO - Dictionary example: {'CA': 'California', 'NJ': 'New Jersey', 'TX': 'Texas', 'FL': 'Florida', 'IL': 'Illinois'}
2024-03-21 15:03:10,290 - root - INFO - Dictionary after adding a state: {'CA': 'California', 'NJ': 'New Jersey', 'TX': 'Texas', 'FL': 'Florida', 'IL': 'Illinois', 'NY': 'New York'}
2024-03-21 15:03:10,296 - root - INFO - State Abbreviation: CA for: California
2024-03-21 15:03:10,298 - root - INFO - State Abbreviation: NJ for: New Jersey
2024-03-21 15:03:10,300 - root - INFO - State Abbreviation: TX for: Texas
2024-03-21 15:03:10,300 - root - INFO - State Abbreviation: FL for: Florida
2024-03-21 15:03:10,302 - root - INFO - State Abbreviation: IL for: Illinois
2024-03-21 15:03:10,304 - root - INFO - State Abbreviation: NY for: New York
2024-03-21 15:03:10,305 - root - INFO - State: CA
2024-03-21 15:03:10,315 - root - INFO -     Capital: Sacramento
2024-03-21 15:03:10,318 - root - INFO -     Population: 39538223
2024-03-21 15:03:10,322 - root - INFO -     Great: No
2024-03-21 15:03:10,324 - root - INFO - State: TX
2024-03-21 15:03:10,327 - root - INFO -     Capital: Austin
2024-03-21 15:03:10,329 - root - INFO -     Population: 29145505
2024-03-21 15:03:10,331 - root - INFO -     Great: Yes
2024-03-21 15:03:10,333 - root - INFO - State: NJ
2024-03-21 15:03:10,336 - root - INFO -     Capital: Trenton
2024-03-21 15:03:10,339 - root - INFO -     Population: 50
2024-03-21 15:03:10,345 - root - INFO -     Great: Yes
2024-03-21 15:03:10,349 - root - INFO -     Good hot dogs: yes
2024-03-21 15:03:10,353 - root - INFO -     Where: Rutts hutt
2024-03-21 15:03:29,606 - root - INFO - Application exit.
2024-03-21 15:03:29,611 - root - INFO - Application shutdown.
2024-03-21 15:04:52,303 - root - INFO - Logging configured.
2024-03-21 15:04:52,309 - root - INFO - Environment variables loaded.
2024-03-21 15:04:52,335 - root - INFO - Command 'add' from plugin 'add' registered.
2024-03-21 15:04:54,343 - root - INFO - Command 'csv' from plugin 'csv' registered.
2024-03-21 15:04:54,347 - root - INFO - Command 'data' from plugin 'data' registered.
2024-03-21 15:04:54,349 - root - INFO - Command 'divide' from plugin 'divide' registered.
2024-03-21 15:04:54,349 - root - INFO - Command 'exit' from plugin 'exit' registered.
2024-03-21 15:04:54,357 - root - INFO - Command 'generate' from plugin 'generate' registered.
2024-03-21 15:04:54,361 - root - INFO - Command 'greet' from plugin 'greet' registered.
2024-03-21 15:04:54,371 - root - INFO - Command 'menu' from plugin 'menu' registered.
2024-03-21 15:04:54,375 - root - INFO - Command 'multiply' from plugin 'multiply' registered.
2024-03-21 15:04:54,384 - root - INFO - Command 'subtract' from plugin 'subtract' registered.
2024-03-21 15:04:54,387 - root - INFO - Application started. Type 'exit' to exit.
2024-03-21 15:04:59,224 - root - INFO - States saved to CSV at './data\states.csv'.
2024-03-21 15:04:59,224 - root - INFO - the relative path  to save my file is ./data\gpt_states.csv
2024-03-21 15:04:59,235 - root - INFO - the absolute path  to save my file is C:\Users\dmjmq\VSCode_Projects\IS-219_MidtermRepo\IS-219_Midterm\data\gpt_states.csv
2024-03-21 15:04:59,255 - root - INFO - Record 0: CA: California
2024-03-21 15:04:59,257 - root - INFO - Index: 0,     State Abbreviation: CA
2024-03-21 15:04:59,259 - root - INFO - Index: 0,     State Name: California
2024-03-21 15:04:59,261 - root - INFO - Index: 0,     Population: 39538223
2024-03-21 15:04:59,264 - root - INFO - Index: 0,     Capital: Sacramento
2024-03-21 15:04:59,265 - root - INFO - Index: 0,     GDP: 3.1T
2024-03-21 15:04:59,267 - root - INFO - Record 1: NJ: New Jersey
2024-03-21 15:04:59,270 - root - INFO - Index: 1,     State Abbreviation: NJ
2024-03-21 15:04:59,274 - root - INFO - Index: 1,     State Name: New Jersey
2024-03-21 15:04:59,274 - root - INFO - Index: 1,     Population: 8882190
2024-03-21 15:04:59,278 - root - INFO - Index: 1,     Capital: Trenton
2024-03-21 15:04:59,278 - root - INFO - Index: 1,     GDP: 0.6T
2024-03-21 15:04:59,282 - root - INFO - Record 2: TX: Texas
2024-03-21 15:04:59,286 - root - INFO - Index: 2,     State Abbreviation: TX
2024-03-21 15:04:59,288 - root - INFO - Index: 2,     State Name: Texas
2024-03-21 15:04:59,291 - root - INFO - Index: 2,     Population: 29145505
2024-03-21 15:04:59,293 - root - INFO - Index: 2,     Capital: Austin
2024-03-21 15:04:59,295 - root - INFO - Index: 2,     GDP: 1.9T
2024-03-21 15:04:59,298 - root - INFO - Record 3: FL: Florida
2024-03-21 15:04:59,298 - root - INFO - Index: 3,     State Abbreviation: FL
2024-03-21 15:04:59,298 - root - INFO - Index: 3,     State Name: Florida
2024-03-21 15:04:59,306 - root - INFO - Index: 3,     Population: 21538187
2024-03-21 15:04:59,306 - root - INFO - Index: 3,     Capital: Tallahassee
2024-03-21 15:04:59,312 - root - INFO - Index: 3,     GDP: 1.1T
2024-03-21 15:04:59,315 - root - INFO - Record 4: IL: Illinois
2024-03-21 15:04:59,315 - root - INFO - Index: 4,     State Abbreviation: IL
2024-03-21 15:04:59,320 - root - INFO - Index: 4,     State Name: Illinois
2024-03-21 15:04:59,323 - root - INFO - Index: 4,     Population: 12671821
2024-03-21 15:04:59,325 - root - INFO - Index: 4,     Capital: Springfield
2024-03-21 15:04:59,329 - root - INFO - Index: 4,     GDP: 0.9T
2024-03-21 15:04:59,332 - root - INFO - Record 5: NY: New York
2024-03-21 15:04:59,332 - root - INFO - Index: 5,     State Abbreviation: NY
2024-03-21 15:04:59,334 - root - INFO - Index: 5,     State Name: New York
2024-03-21 15:04:59,339 - root - INFO - Index: 5,     Population: 20201249
2024-03-21 15:04:59,340 - root - INFO - Index: 5,     Capital: Albany
2024-03-21 15:04:59,340 - root - INFO - Index: 5,     GDP: 1.7T
2024-03-21 15:05:14,185 - root - INFO - Application exit.
2024-03-21 15:05:14,187 - root - INFO - Application shutdown.
2024-03-21 18:48:16,547 - root - INFO - Logging configured.
2024-03-21 18:48:16,551 - root - INFO - Environment variables loaded.
2024-03-21 18:48:16,590 - root - INFO - Command 'add' from plugin 'add' registered.
2024-03-21 18:48:18,528 - root - INFO - Command 'csv' from plugin 'csv' registered.
2024-03-21 18:48:18,532 - root - INFO - Command 'data' from plugin 'data' registered.
2024-03-21 18:48:18,534 - root - INFO - Command 'divide' from plugin 'divide' registered.
2024-03-21 18:48:18,538 - root - INFO - Command 'exit' from plugin 'exit' registered.
2024-03-21 18:48:18,542 - root - INFO - Command 'generate' from plugin 'generate' registered.
2024-03-21 18:48:18,546 - root - INFO - Command 'greet' from plugin 'greet' registered.
2024-03-21 18:48:18,548 - root - INFO - Command 'menu' from plugin 'menu' registered.
2024-03-21 18:48:18,556 - root - INFO - Command 'multiply' from plugin 'multiply' registered.
2024-03-21 18:48:18,560 - root - INFO - Command 'subtract' from plugin 'subtract' registered.
2024-03-21 18:48:18,561 - root - INFO - Application started. Type 'exit' to exit.
2024-03-21 18:48:33,308 - root - INFO - States saved to CSV at './data\states.csv'.
2024-03-21 18:48:33,314 - root - INFO - the relative path  to save my file is ./data\gpt_states.csv
2024-03-21 18:48:33,315 - root - INFO - the absolute path  to save my file is C:\Users\dmjmq\VSCode_Projects\IS-219_MidtermRepo\IS-219_Midterm\data\gpt_states.csv
2024-03-21 18:48:33,329 - root - INFO - Record 0: CA: California
2024-03-21 18:48:33,329 - root - INFO - Index: 0,     State Abbreviation: CA
2024-03-21 18:48:33,331 - root - INFO - Index: 0,     State Name: California
2024-03-21 18:48:33,333 - root - INFO - Index: 0,     Population: 39538223
2024-03-21 18:48:33,333 - root - INFO - Index: 0,     Capital: Sacramento
2024-03-21 18:48:33,339 - root - INFO - Index: 0,     GDP: 3.1T
2024-03-21 18:48:33,342 - root - INFO - Record 1: NJ: New Jersey
2024-03-21 18:48:33,342 - root - INFO - Index: 1,     State Abbreviation: NJ
2024-03-21 18:48:33,346 - root - INFO - Index: 1,     State Name: New Jersey
2024-03-21 18:48:33,349 - root - INFO - Index: 1,     Population: 8882190
2024-03-21 18:48:33,350 - root - INFO - Index: 1,     Capital: Trenton
2024-03-21 18:48:33,352 - root - INFO - Index: 1,     GDP: 0.6T
2024-03-21 18:48:33,366 - root - INFO - Record 2: TX: Texas
2024-03-21 18:48:33,368 - root - INFO - Index: 2,     State Abbreviation: TX
2024-03-21 18:48:33,368 - root - INFO - Index: 2,     State Name: Texas
2024-03-21 18:48:33,373 - root - INFO - Index: 2,     Population: 29145505
2024-03-21 18:48:33,373 - root - INFO - Index: 2,     Capital: Austin
2024-03-21 18:48:33,373 - root - INFO - Index: 2,     GDP: 1.9T
2024-03-21 18:48:33,381 - root - INFO - Record 3: FL: Florida
2024-03-21 18:48:33,381 - root - INFO - Index: 3,     State Abbreviation: FL
2024-03-21 18:48:33,387 - root - INFO - Index: 3,     State Name: Florida
2024-03-21 18:48:33,387 - root - INFO - Index: 3,     Population: 21538187
2024-03-21 18:48:33,387 - root - INFO - Index: 3,     Capital: Tallahassee
2024-03-21 18:48:33,387 - root - INFO - Index: 3,     GDP: 1.1T
2024-03-21 18:48:33,397 - root - INFO - Record 4: IL: Illinois
2024-03-21 18:48:33,399 - root - INFO - Index: 4,     State Abbreviation: IL
2024-03-21 18:48:33,399 - root - INFO - Index: 4,     State Name: Illinois
2024-03-21 18:48:33,405 - root - INFO - Index: 4,     Population: 12671821
2024-03-21 18:48:33,407 - root - INFO - Index: 4,     Capital: Springfield
2024-03-21 18:48:33,408 - root - INFO - Index: 4,     GDP: 0.9T
2024-03-21 18:48:33,410 - root - INFO - Record 5: NY: New York
2024-03-21 18:48:33,412 - root - INFO - Index: 5,     State Abbreviation: NY
2024-03-21 18:48:33,415 - root - INFO - Index: 5,     State Name: New York
2024-03-21 18:48:33,416 - root - INFO - Index: 5,     Population: 20201249
2024-03-21 18:48:33,416 - root - INFO - Index: 5,     Capital: Albany
2024-03-21 18:48:33,421 - root - INFO - Index: 5,     GDP: 1.7T
2024-03-21 18:49:47,781 - root - INFO - Application interrupted and exiting gracefully.
2024-03-21 18:49:47,786 - root - INFO - Application shutdown.
2024-03-21 21:48:21,882 - root - INFO - Logging configured.
2024-03-21 21:48:21,888 - root - INFO - Environment variables loaded.
2024-03-21 21:48:21,929 - root - INFO - Command 'add' from plugin 'add' registered.
2024-03-21 21:48:24,092 - root - INFO - Command 'csv' from plugin 'csv' registered.
2024-03-21 21:48:24,097 - root - INFO - Command 'data' from plugin 'data' registered.
2024-03-21 21:48:24,101 - root - INFO - Command 'divide' from plugin 'divide' registered.
2024-03-21 21:48:24,105 - root - INFO - Command 'exit' from plugin 'exit' registered.
2024-03-21 21:48:24,111 - root - INFO - Command 'generate' from plugin 'generate' registered.
2024-03-21 21:48:24,115 - root - INFO - Command 'greet' from plugin 'greet' registered.
2024-03-21 21:48:24,115 - root - INFO - Command 'menu' from plugin 'menu' registered.
2024-03-21 21:48:24,123 - root - INFO - Command 'multiply' from plugin 'multiply' registered.
2024-03-21 21:48:24,129 - root - INFO - Command 'subtract' from plugin 'subtract' registered.
2024-03-21 21:48:24,129 - root - INFO - Application started. Type 'exit' to exit.
2024-03-21 21:48:29,469 - root - INFO - The numbers added are num1: 1.0; num2: 1.0
2024-03-21 21:51:25,680 - root - INFO - Application interrupted and exiting gracefully.
2024-03-21 21:51:25,681 - root - INFO - Application shutdown.
2024-03-25 15:32:28,203 - root - INFO - Logging configured.
2024-03-25 15:32:28,222 - root - INFO - Environment variables loaded.
2024-03-25 15:32:28,278 - root - INFO - Command 'add' from plugin 'add' registered.
2024-03-25 15:32:36,277 - root - INFO - Command 'csv' from plugin 'csv' registered.
2024-03-25 15:32:36,282 - root - INFO - Command 'data' from plugin 'data' registered.
2024-03-25 15:32:36,300 - root - INFO - Command 'divide' from plugin 'divide' registered.
2024-03-25 15:32:36,308 - root - INFO - Command 'exit' from plugin 'exit' registered.
2024-03-25 15:32:36,312 - root - INFO - Command 'generate' from plugin 'generate' registered.
2024-03-25 15:32:36,322 - root - INFO - Command 'greet' from plugin 'greet' registered.
2024-03-25 15:32:36,330 - root - INFO - Command 'menu' from plugin 'menu' registered.
2024-03-25 15:32:36,354 - root - INFO - Command 'multiply' from plugin 'multiply' registered.
2024-03-25 15:32:36,375 - root - INFO - Command 'subtract' from plugin 'subtract' registered.
2024-03-25 15:32:36,376 - root - INFO - Application started. Type 'exit' to exit.
2024-03-25 15:33:48,518 - root - INFO - States saved to CSV at './data\states.csv'.
2024-03-25 15:33:48,519 - root - INFO - the relative path  to save my file is ./data\gpt_states.csv
2024-03-25 15:33:48,521 - root - INFO - the absolute path  to save my file is C:\Users\dmjmq\VSCode_Projects\IS-219_MidtermRepo\IS-219_Midterm\data\gpt_states.csv
2024-03-25 15:33:48,539 - root - INFO - Record 0: CA: California
2024-03-25 15:33:48,543 - root - INFO - Index: 0,     State Abbreviation: CA
2024-03-25 15:33:48,544 - root - INFO - Index: 0,     State Name: California
2024-03-25 15:33:48,545 - root - INFO - Index: 0,     Population: 39538223
2024-03-25 15:33:48,545 - root - INFO - Index: 0,     Capital: Sacramento
2024-03-25 15:33:48,551 - root - INFO - Index: 0,     GDP: 3.1T
2024-03-25 15:33:48,553 - root - INFO - Record 1: NJ: New Jersey
2024-03-25 15:33:48,555 - root - INFO - Index: 1,     State Abbreviation: NJ
2024-03-25 15:33:48,557 - root - INFO - Index: 1,     State Name: New Jersey
2024-03-25 15:33:48,558 - root - INFO - Index: 1,     Population: 8882190
2024-03-25 15:33:48,560 - root - INFO - Index: 1,     Capital: Trenton
2024-03-25 15:33:48,563 - root - INFO - Index: 1,     GDP: 0.6T
2024-03-25 15:33:48,565 - root - INFO - Record 2: TX: Texas
2024-03-25 15:33:48,567 - root - INFO - Index: 2,     State Abbreviation: TX
2024-03-25 15:33:48,567 - root - INFO - Index: 2,     State Name: Texas
2024-03-25 15:33:48,574 - root - INFO - Index: 2,     Population: 29145505
2024-03-25 15:33:48,574 - root - INFO - Index: 2,     Capital: Austin
2024-03-25 15:33:48,579 - root - INFO - Index: 2,     GDP: 1.9T
2024-03-25 15:33:48,584 - root - INFO - Record 3: FL: Florida
2024-03-25 15:33:48,586 - root - INFO - Index: 3,     State Abbreviation: FL
2024-03-25 15:33:48,586 - root - INFO - Index: 3,     State Name: Florida
2024-03-25 15:33:48,589 - root - INFO - Index: 3,     Population: 21538187
2024-03-25 15:33:48,589 - root - INFO - Index: 3,     Capital: Tallahassee
2024-03-25 15:33:48,593 - root - INFO - Index: 3,     GDP: 1.1T
2024-03-25 15:33:48,596 - root - INFO - Record 4: IL: Illinois
2024-03-25 15:33:48,597 - root - INFO - Index: 4,     State Abbreviation: IL
2024-03-25 15:33:48,604 - root - INFO - Index: 4,     State Name: Illinois
2024-03-25 15:33:48,608 - root - INFO - Index: 4,     Population: 12671821
2024-03-25 15:33:48,611 - root - INFO - Index: 4,     Capital: Springfield
2024-03-25 15:33:48,612 - root - INFO - Index: 4,     GDP: 0.9T
2024-03-25 15:33:48,616 - root - INFO - Record 5: NY: New York
2024-03-25 15:33:48,618 - root - INFO - Index: 5,     State Abbreviation: NY
2024-03-25 15:33:48,619 - root - INFO - Index: 5,     State Name: New York
2024-03-25 15:33:48,622 - root - INFO - Index: 5,     Population: 20201249
2024-03-25 15:33:48,624 - root - INFO - Index: 5,     Capital: Albany
2024-03-25 15:33:48,624 - root - INFO - Index: 5,     GDP: 1.7T
2024-03-25 15:33:50,976 - root - INFO - List example: ['apple', 'banana', 'cherry']
2024-03-25 15:33:50,978 - root - INFO - I pick an apple
2024-03-25 15:33:50,979 - root - INFO - List after adding an item: ['apple', 'banana', 'cherry', 'date']
2024-03-25 15:33:50,983 - root - INFO - Tuple example: (1, 2, 3, 4)
2024-03-25 15:33:50,983 - root - INFO - Set example: {1, 2, 3, 4}
2024-03-25 15:33:50,987 - root - INFO - whats different {1}
2024-03-25 15:33:50,987 - root - INFO - Set after adding an item: {1, 2, 3, 4, 5}
2024-03-25 15:33:50,988 - root - INFO - Dictionary example: {'CA': 'California', 'NJ': 'New Jersey', 'TX': 'Texas', 'FL': 'Florida', 'IL': 'Illinois'}
2024-03-25 15:33:50,990 - root - INFO - Dictionary after adding a state: {'CA': 'California', 'NJ': 'New Jersey', 'TX': 'Texas', 'FL': 'Florida', 'IL': 'Illinois', 'NY': 'New York'}
2024-03-25 15:33:50,996 - root - INFO - State Abbreviation: CA for: California
2024-03-25 15:33:50,999 - root - INFO - State Abbreviation: NJ for: New Jersey
2024-03-25 15:33:51,002 - root - INFO - State Abbreviation: TX for: Texas
2024-03-25 15:33:51,007 - root - INFO - State Abbreviation: FL for: Florida
2024-03-25 15:33:51,010 - root - INFO - State Abbreviation: IL for: Illinois
2024-03-25 15:33:51,012 - root - INFO - State Abbreviation: NY for: New York
2024-03-25 15:33:51,014 - root - INFO - State: CA
2024-03-25 15:33:51,021 - root - INFO -     Capital: Sacramento
2024-03-25 15:33:51,022 - root - INFO -     Population: 39538223
2024-03-25 15:33:51,026 - root - INFO -     Great: No
2024-03-25 15:33:51,026 - root - INFO - State: TX
2024-03-25 15:33:51,040 - root - INFO -     Capital: Austin
2024-03-25 15:33:51,045 - root - INFO -     Population: 29145505
2024-03-25 15:33:51,047 - root - INFO -     Great: Yes
2024-03-25 15:33:51,048 - root - INFO - State: NJ
2024-03-25 15:33:51,053 - root - INFO -     Capital: Trenton
2024-03-25 15:33:51,056 - root - INFO -     Population: 50
2024-03-25 15:33:51,059 - root - INFO -     Great: Yes
2024-03-25 15:33:51,061 - root - INFO -     Good hot dogs: yes
2024-03-25 15:33:51,064 - root - INFO -     Where: Rutts hutt
2024-03-25 15:34:08,698 - root - INFO - The numbers added are num1: 1.0 & num2: 3.0; the sum is 4.0
2024-03-25 15:34:33,844 - root - INFO - States saved to CSV at './data\states.csv'.
2024-03-25 15:34:33,848 - root - INFO - the relative path  to save my file is ./data\gpt_states.csv
2024-03-25 15:34:33,850 - root - INFO - the absolute path  to save my file is C:\Users\dmjmq\VSCode_Projects\IS-219_MidtermRepo\IS-219_Midterm\data\gpt_states.csv
2024-03-25 15:34:33,866 - root - INFO - Record 0: CA: California
2024-03-25 15:34:33,867 - root - INFO - Index: 0,     State Abbreviation: CA
2024-03-25 15:34:33,867 - root - INFO - Index: 0,     State Name: California
2024-03-25 15:34:33,871 - root - INFO - Index: 0,     Population: 39538223
2024-03-25 15:34:33,879 - root - INFO - Index: 0,     Capital: Sacramento
2024-03-25 15:34:33,883 - root - INFO - Index: 0,     GDP: 3.1T
2024-03-25 15:34:33,886 - root - INFO - Record 1: NJ: New Jersey
2024-03-25 15:34:33,888 - root - INFO - Index: 1,     State Abbreviation: NJ
2024-03-25 15:34:33,891 - root - INFO - Index: 1,     State Name: New Jersey
2024-03-25 15:34:33,894 - root - INFO - Index: 1,     Population: 8882190
2024-03-25 15:34:33,895 - root - INFO - Index: 1,     Capital: Trenton
2024-03-25 15:34:33,898 - root - INFO - Index: 1,     GDP: 0.6T
2024-03-25 15:34:33,900 - root - INFO - Record 2: TX: Texas
2024-03-25 15:34:33,903 - root - INFO - Index: 2,     State Abbreviation: TX
2024-03-25 15:34:33,905 - root - INFO - Index: 2,     State Name: Texas
2024-03-25 15:34:33,907 - root - INFO - Index: 2,     Population: 29145505
2024-03-25 15:34:33,911 - root - INFO - Index: 2,     Capital: Austin
2024-03-25 15:34:33,911 - root - INFO - Index: 2,     GDP: 1.9T
2024-03-25 15:34:33,917 - root - INFO - Record 3: FL: Florida
2024-03-25 15:34:33,919 - root - INFO - Index: 3,     State Abbreviation: FL
2024-03-25 15:34:33,919 - root - INFO - Index: 3,     State Name: Florida
2024-03-25 15:34:33,922 - root - INFO - Index: 3,     Population: 21538187
2024-03-25 15:34:33,925 - root - INFO - Index: 3,     Capital: Tallahassee
2024-03-25 15:34:33,927 - root - INFO - Index: 3,     GDP: 1.1T
2024-03-25 15:34:33,930 - root - INFO - Record 4: IL: Illinois
2024-03-25 15:34:33,932 - root - INFO - Index: 4,     State Abbreviation: IL
2024-03-25 15:34:33,933 - root - INFO - Index: 4,     State Name: Illinois
2024-03-25 15:34:33,936 - root - INFO - Index: 4,     Population: 12671821
2024-03-25 15:34:33,941 - root - INFO - Index: 4,     Capital: Springfield
2024-03-25 15:34:33,944 - root - INFO - Index: 4,     GDP: 0.9T
2024-03-25 15:34:33,946 - root - INFO - Record 5: NY: New York
2024-03-25 15:34:33,950 - root - INFO - Index: 5,     State Abbreviation: NY
2024-03-25 15:34:33,950 - root - INFO - Index: 5,     State Name: New York
2024-03-25 15:34:33,955 - root - INFO - Index: 5,     Population: 20201249
2024-03-25 15:34:33,959 - root - INFO - Index: 5,     Capital: Albany
2024-03-25 15:34:33,959 - root - INFO - Index: 5,     GDP: 1.7T
2024-03-25 15:34:35,701 - root - INFO - List example: ['apple', 'banana', 'cherry']
2024-03-25 15:34:35,704 - root - INFO - I pick an apple
2024-03-25 15:34:35,705 - root - INFO - List after adding an item: ['apple', 'banana', 'cherry', 'date']
2024-03-25 15:34:35,706 - root - INFO - Tuple example: (1, 2, 3, 4)
2024-03-25 15:34:35,706 - root - INFO - Set example: {1, 2, 3, 4}
2024-03-25 15:34:35,706 - root - INFO - whats different {1}
2024-03-25 15:34:35,710 - root - INFO - Set after adding an item: {1, 2, 3, 4, 5}
2024-03-25 15:34:35,710 - root - INFO - Dictionary example: {'CA': 'California', 'NJ': 'New Jersey', 'TX': 'Texas', 'FL': 'Florida', 'IL': 'Illinois'}
2024-03-25 15:34:35,713 - root - INFO - Dictionary after adding a state: {'CA': 'California', 'NJ': 'New Jersey', 'TX': 'Texas', 'FL': 'Florida', 'IL': 'Illinois', 'NY': 'New York'}
2024-03-25 15:34:35,713 - root - INFO - State Abbreviation: CA for: California
2024-03-25 15:34:35,716 - root - INFO - State Abbreviation: NJ for: New Jersey
2024-03-25 15:34:35,718 - root - INFO - State Abbreviation: TX for: Texas
2024-03-25 15:34:35,718 - root - INFO - State Abbreviation: FL for: Florida
2024-03-25 15:34:35,718 - root - INFO - State Abbreviation: IL for: Illinois
2024-03-25 15:34:35,722 - root - INFO - State Abbreviation: NY for: New York
2024-03-25 15:34:35,722 - root - INFO - State: CA
2024-03-25 15:34:35,727 - root - INFO -     Capital: Sacramento
2024-03-25 15:34:35,727 - root - INFO -     Population: 39538223
2024-03-25 15:34:35,730 - root - INFO -     Great: No
2024-03-25 15:34:35,731 - root - INFO - State: TX
2024-03-25 15:34:35,734 - root - INFO -     Capital: Austin
2024-03-25 15:34:35,738 - root - INFO -     Population: 29145505
2024-03-25 15:34:35,738 - root - INFO -     Great: Yes
2024-03-25 15:34:35,742 - root - INFO - State: NJ
2024-03-25 15:34:35,745 - root - INFO -     Capital: Trenton
2024-03-25 15:34:35,745 - root - INFO -     Population: 50
2024-03-25 15:34:35,745 - root - INFO -     Great: Yes
2024-03-25 15:34:35,752 - root - INFO -     Good hot dogs: yes
2024-03-25 15:34:35,755 - root - INFO -     Where: Rutts hutt
2024-03-25 15:38:04,323 - root - INFO - Application interrupted and exiting gracefully.
2024-03-25 15:38:04,327 - root - INFO - Application shutdown.
2024-03-25 15:46:10,330 - root - INFO - Logging configured.
2024-03-25 15:46:10,339 - root - INFO - Environment variables loaded.
2024-03-25 15:46:10,343 - root - INFO - Command 'add' from plugin 'add' registered.
2024-03-25 15:46:12,991 - root - INFO - Command 'csv' from plugin 'csv' registered.
2024-03-25 15:46:12,996 - root - INFO - Command 'data' from plugin 'data' registered.
2024-03-25 15:46:12,996 - root - INFO - Command 'divide' from plugin 'divide' registered.
2024-03-25 15:46:13,002 - root - INFO - Command 'exit' from plugin 'exit' registered.
2024-03-25 15:46:13,007 - root - INFO - Command 'generate' from plugin 'generate' registered.
2024-03-25 15:46:13,021 - root - INFO - Command 'greet' from plugin 'greet' registered.
2024-03-25 15:46:13,026 - root - INFO - Command 'menu' from plugin 'menu' registered.
2024-03-25 15:46:13,026 - root - INFO - Command 'multiply' from plugin 'multiply' registered.
2024-03-25 15:46:13,029 - root - INFO - Command 'subtract' from plugin 'subtract' registered.
2024-03-25 15:46:13,029 - root - INFO - Application started. Type 'exit' to exit.
2024-03-25 15:46:13,029 - root - INFO - Application exit.
2024-03-25 15:46:13,029 - root - INFO - Application shutdown.
2024-03-25 15:46:13,066 - root - INFO - Logging configured.
2024-03-25 15:46:13,071 - root - INFO - Environment variables loaded.
2024-03-25 15:46:13,075 - root - INFO - Command 'add' from plugin 'add' registered.
2024-03-25 15:46:13,078 - root - INFO - Command 'csv' from plugin 'csv' registered.
2024-03-25 15:46:13,084 - root - INFO - Command 'data' from plugin 'data' registered.
2024-03-25 15:46:13,085 - root - INFO - Command 'divide' from plugin 'divide' registered.
2024-03-25 15:46:13,087 - root - INFO - Command 'exit' from plugin 'exit' registered.
2024-03-25 15:46:13,087 - root - INFO - Command 'generate' from plugin 'generate' registered.
2024-03-25 15:46:13,087 - root - INFO - Command 'greet' from plugin 'greet' registered.
2024-03-25 15:46:13,093 - root - INFO - Command 'menu' from plugin 'menu' registered.
2024-03-25 15:46:13,096 - root - INFO - Command 'multiply' from plugin 'multiply' registered.
2024-03-25 15:46:13,096 - root - INFO - Command 'subtract' from plugin 'subtract' registered.
2024-03-25 15:46:13,096 - root - INFO - Application started. Type 'exit' to exit.
2024-03-25 15:46:13,099 - root - INFO - Application exit.
2024-03-25 15:46:13,100 - root - INFO - Application shutdown.
2024-03-25 15:46:13,147 - root - INFO - Logging configured.
2024-03-25 15:46:13,156 - root - INFO - Environment variables loaded.
2024-03-25 15:46:13,160 - root - INFO - Command 'add' from plugin 'add' registered.
2024-03-25 15:46:13,162 - root - INFO - Command 'csv' from plugin 'csv' registered.
2024-03-25 15:46:13,162 - root - INFO - Command 'data' from plugin 'data' registered.
2024-03-25 15:46:13,162 - root - INFO - Command 'divide' from plugin 'divide' registered.
2024-03-25 15:46:13,169 - root - INFO - Command 'exit' from plugin 'exit' registered.
2024-03-25 15:46:13,172 - root - INFO - Command 'generate' from plugin 'generate' registered.
2024-03-25 15:46:13,179 - root - INFO - Command 'greet' from plugin 'greet' registered.
2024-03-25 15:46:13,183 - root - INFO - Command 'menu' from plugin 'menu' registered.
2024-03-25 15:46:13,186 - root - INFO - Command 'multiply' from plugin 'multiply' registered.
2024-03-25 15:46:13,191 - root - INFO - Command 'subtract' from plugin 'subtract' registered.
2024-03-25 15:46:13,191 - root - INFO - Application started. Type 'exit' to exit.
2024-03-25 15:46:13,200 - root - INFO - Application exit.
2024-03-25 15:46:13,200 - root - INFO - Application shutdown.
2024-03-25 15:46:13,616 - root - INFO - Logging configured.
2024-03-25 15:46:13,620 - root - INFO - Environment variables loaded.
2024-03-25 15:46:13,622 - root - INFO - Command 'add' from plugin 'add' registered.
2024-03-25 15:46:13,622 - root - INFO - Command 'csv' from plugin 'csv' registered.
2024-03-25 15:46:13,627 - root - INFO - Command 'data' from plugin 'data' registered.
2024-03-25 15:46:13,627 - root - INFO - Command 'divide' from plugin 'divide' registered.
2024-03-25 15:46:13,627 - root - INFO - Command 'exit' from plugin 'exit' registered.
2024-03-25 15:46:13,627 - root - INFO - Command 'generate' from plugin 'generate' registered.
2024-03-25 15:46:13,645 - root - INFO - Command 'greet' from plugin 'greet' registered.
2024-03-25 15:46:13,645 - root - INFO - Command 'menu' from plugin 'menu' registered.
2024-03-25 15:46:13,645 - root - INFO - Command 'multiply' from plugin 'multiply' registered.
2024-03-25 15:46:13,652 - root - INFO - Command 'subtract' from plugin 'subtract' registered.
2024-03-25 15:46:13,652 - root - INFO - Application started. Type 'exit' to exit.
2024-03-25 15:46:13,652 - root - INFO - Application exit.
2024-03-25 15:46:13,652 - root - INFO - Application shutdown.
2024-03-25 15:46:13,712 - root - INFO - The numbers added are num1: 5.0 & num2: 7.0; the sum is 12.0
2024-03-25 15:46:13,898 - root - INFO - The numbers subtracted are num1: 7.0 & num2: 7.0; the difference is 0.0
2024-03-25 15:46:13,980 - root - INFO - The numbers multiplied are num1: 5.0 & num2: 7.0; the product is 35.0
2024-03-25 15:46:14,061 - root - INFO - The numbers divided are num1: 7.0 & num2: 7.0; the quotient is 1.0
2024-03-25 15:54:12,503 - root - INFO - Logging configured.
2024-03-25 15:54:12,510 - root - INFO - Environment variables loaded.
2024-03-25 15:54:12,515 - root - INFO - Command 'add' from plugin 'add' registered.
2024-03-25 15:54:14,728 - root - INFO - Command 'csv' from plugin 'csv' registered.
2024-03-25 15:54:14,732 - root - INFO - Command 'data' from plugin 'data' registered.
2024-03-25 15:54:14,733 - root - INFO - Command 'divide' from plugin 'divide' registered.
2024-03-25 15:54:14,737 - root - INFO - Command 'exit' from plugin 'exit' registered.
2024-03-25 15:54:14,741 - root - INFO - Command 'generate' from plugin 'generate' registered.
2024-03-25 15:54:14,749 - root - INFO - Command 'greet' from plugin 'greet' registered.
2024-03-25 15:54:14,753 - root - INFO - Command 'menu' from plugin 'menu' registered.
2024-03-25 15:54:14,755 - root - INFO - Command 'multiply' from plugin 'multiply' registered.
2024-03-25 15:54:14,755 - root - INFO - Command 'subtract' from plugin 'subtract' registered.
2024-03-25 15:54:14,756 - root - INFO - Application started. Type 'exit' to exit.
2024-03-25 15:54:14,757 - root - INFO - Application exit.
2024-03-25 15:54:14,758 - root - INFO - Application shutdown.
2024-03-25 15:54:14,779 - root - INFO - Logging configured.
2024-03-25 15:54:14,782 - root - INFO - Environment variables loaded.
2024-03-25 15:54:14,784 - root - INFO - Command 'add' from plugin 'add' registered.
2024-03-25 15:54:14,785 - root - INFO - Command 'csv' from plugin 'csv' registered.
2024-03-25 15:54:14,785 - root - INFO - Command 'data' from plugin 'data' registered.
2024-03-25 15:54:14,787 - root - INFO - Command 'divide' from plugin 'divide' registered.
2024-03-25 15:54:14,788 - root - INFO - Command 'exit' from plugin 'exit' registered.
2024-03-25 15:54:14,789 - root - INFO - Command 'generate' from plugin 'generate' registered.
2024-03-25 15:54:14,791 - root - INFO - Command 'greet' from plugin 'greet' registered.
2024-03-25 15:54:14,793 - root - INFO - Command 'menu' from plugin 'menu' registered.
2024-03-25 15:54:14,794 - root - INFO - Command 'multiply' from plugin 'multiply' registered.
2024-03-25 15:54:14,795 - root - INFO - Command 'subtract' from plugin 'subtract' registered.
2024-03-25 15:54:14,795 - root - INFO - Application started. Type 'exit' to exit.
2024-03-25 15:54:14,796 - root - INFO - Application exit.
2024-03-25 15:54:14,796 - root - INFO - Application shutdown.
2024-03-25 15:54:14,829 - root - INFO - Logging configured.
2024-03-25 15:54:14,838 - root - INFO - Environment variables loaded.
2024-03-25 15:54:14,840 - root - INFO - Command 'add' from plugin 'add' registered.
2024-03-25 15:54:14,841 - root - INFO - Command 'csv' from plugin 'csv' registered.
2024-03-25 15:54:14,843 - root - INFO - Command 'data' from plugin 'data' registered.
2024-03-25 15:54:14,844 - root - INFO - Command 'divide' from plugin 'divide' registered.
2024-03-25 15:54:14,845 - root - INFO - Command 'exit' from plugin 'exit' registered.
2024-03-25 15:54:14,846 - root - INFO - Command 'generate' from plugin 'generate' registered.
2024-03-25 15:54:14,848 - root - INFO - Command 'greet' from plugin 'greet' registered.
2024-03-25 15:54:14,851 - root - INFO - Command 'menu' from plugin 'menu' registered.
2024-03-25 15:54:14,853 - root - INFO - Command 'multiply' from plugin 'multiply' registered.
2024-03-25 15:54:14,853 - root - INFO - Command 'subtract' from plugin 'subtract' registered.
2024-03-25 15:54:14,855 - root - INFO - Application started. Type 'exit' to exit.
2024-03-25 15:54:14,855 - root - INFO - Application exit.
2024-03-25 15:54:14,855 - root - INFO - Application shutdown.
2024-03-25 15:54:14,882 - root - INFO - Logging configured.
2024-03-25 15:54:14,886 - root - INFO - Environment variables loaded.
2024-03-25 15:54:14,886 - root - INFO - Command 'add' from plugin 'add' registered.
2024-03-25 15:54:14,886 - root - INFO - Command 'csv' from plugin 'csv' registered.
2024-03-25 15:54:14,886 - root - INFO - Command 'data' from plugin 'data' registered.
2024-03-25 15:54:14,890 - root - INFO - Command 'divide' from plugin 'divide' registered.
2024-03-25 15:54:14,890 - root - INFO - Command 'exit' from plugin 'exit' registered.
2024-03-25 15:54:14,890 - root - INFO - Command 'generate' from plugin 'generate' registered.
2024-03-25 15:54:14,890 - root - INFO - Command 'greet' from plugin 'greet' registered.
2024-03-25 15:54:14,890 - root - INFO - Command 'menu' from plugin 'menu' registered.
2024-03-25 15:54:14,890 - root - INFO - Command 'multiply' from plugin 'multiply' registered.
2024-03-25 15:54:14,898 - root - INFO - Command 'subtract' from plugin 'subtract' registered.
2024-03-25 15:54:14,898 - root - INFO - Application started. Type 'exit' to exit.
2024-03-25 15:54:14,898 - root - INFO - Application exit.
2024-03-25 15:54:14,898 - root - INFO - Application shutdown.
2024-03-25 15:54:15,337 - root - INFO - The numbers added are num1: 5.0 & num2: 7.0; the sum is 12.0
2024-03-25 15:54:15,423 - root - INFO - The numbers subtracted are num1: 7.0 & num2: 7.0; the difference is 0.0
2024-03-25 15:54:15,492 - root - INFO - The numbers multiplied are num1: 5.0 & num2: 7.0; the product is 35.0
2024-03-25 15:54:15,571 - root - INFO - The numbers divided are num1: 7.0 & num2: 7.0; the quotient is 1.0
2024-03-25 15:55:12,334 - root - INFO - Logging configured.
2024-03-25 15:55:12,341 - root - INFO - Environment variables loaded.
2024-03-25 15:55:12,349 - root - INFO - Command 'add' from plugin 'add' registered.
2024-03-25 15:55:15,170 - root - INFO - Command 'csv' from plugin 'csv' registered.
2024-03-25 15:55:15,176 - root - INFO - Command 'data' from plugin 'data' registered.
2024-03-25 15:55:15,177 - root - INFO - Command 'divide' from plugin 'divide' registered.
2024-03-25 15:55:15,181 - root - INFO - Command 'exit' from plugin 'exit' registered.
2024-03-25 15:55:15,187 - root - INFO - Command 'generate' from plugin 'generate' registered.
2024-03-25 15:55:15,197 - root - INFO - Command 'greet' from plugin 'greet' registered.
2024-03-25 15:55:15,202 - root - INFO - Command 'menu' from plugin 'menu' registered.
2024-03-25 15:55:15,203 - root - INFO - Command 'multiply' from plugin 'multiply' registered.
2024-03-25 15:55:15,203 - root - INFO - Command 'subtract' from plugin 'subtract' registered.
2024-03-25 15:55:15,204 - root - INFO - Application started. Type 'exit' to exit.
2024-03-25 15:55:15,204 - root - INFO - Application exit.
2024-03-25 15:55:15,204 - root - INFO - Application shutdown.
2024-03-25 15:55:15,228 - root - INFO - Logging configured.
2024-03-25 15:55:15,237 - root - INFO - Environment variables loaded.
2024-03-25 15:55:15,241 - root - INFO - Command 'add' from plugin 'add' registered.
2024-03-25 15:55:15,244 - root - INFO - Command 'csv' from plugin 'csv' registered.
2024-03-25 15:55:15,245 - root - INFO - Command 'data' from plugin 'data' registered.
2024-03-25 15:55:15,246 - root - INFO - Command 'divide' from plugin 'divide' registered.
2024-03-25 15:55:15,248 - root - INFO - Command 'exit' from plugin 'exit' registered.
2024-03-25 15:55:15,249 - root - INFO - Command 'generate' from plugin 'generate' registered.
2024-03-25 15:55:15,253 - root - INFO - Command 'greet' from plugin 'greet' registered.
2024-03-25 15:55:15,255 - root - INFO - Command 'menu' from plugin 'menu' registered.
2024-03-25 15:55:15,257 - root - INFO - Command 'multiply' from plugin 'multiply' registered.
2024-03-25 15:55:15,260 - root - INFO - Command 'subtract' from plugin 'subtract' registered.
2024-03-25 15:55:15,261 - root - INFO - Application started. Type 'exit' to exit.
2024-03-25 15:55:15,261 - root - INFO - Application exit.
2024-03-25 15:55:15,261 - root - INFO - Application shutdown.
2024-03-25 15:55:15,310 - root - INFO - Logging configured.
2024-03-25 15:55:15,315 - root - INFO - Environment variables loaded.
2024-03-25 15:55:15,319 - root - INFO - Command 'add' from plugin 'add' registered.
2024-03-25 15:55:15,320 - root - INFO - Command 'csv' from plugin 'csv' registered.
2024-03-25 15:55:15,320 - root - INFO - Command 'data' from plugin 'data' registered.
2024-03-25 15:55:15,323 - root - INFO - Command 'divide' from plugin 'divide' registered.
2024-03-25 15:55:15,328 - root - INFO - Command 'exit' from plugin 'exit' registered.
2024-03-25 15:55:15,330 - root - INFO - Command 'generate' from plugin 'generate' registered.
2024-03-25 15:55:15,334 - root - INFO - Command 'greet' from plugin 'greet' registered.
2024-03-25 15:55:15,335 - root - INFO - Command 'menu' from plugin 'menu' registered.
2024-03-25 15:55:15,337 - root - INFO - Command 'multiply' from plugin 'multiply' registered.
2024-03-25 15:55:15,338 - root - INFO - Command 'subtract' from plugin 'subtract' registered.
2024-03-25 15:55:15,339 - root - INFO - Application started. Type 'exit' to exit.
2024-03-25 15:55:15,340 - root - INFO - Application exit.
2024-03-25 15:55:15,340 - root - INFO - Application shutdown.
2024-03-25 15:55:15,382 - root - INFO - Logging configured.
2024-03-25 15:55:15,383 - root - INFO - Environment variables loaded.
2024-03-25 15:55:15,395 - root - INFO - Command 'add' from plugin 'add' registered.
2024-03-25 15:55:15,398 - root - INFO - Command 'csv' from plugin 'csv' registered.
2024-03-25 15:55:15,398 - root - INFO - Command 'data' from plugin 'data' registered.
2024-03-25 15:55:15,402 - root - INFO - Command 'divide' from plugin 'divide' registered.
2024-03-25 15:55:15,403 - root - INFO - Command 'exit' from plugin 'exit' registered.
2024-03-25 15:55:15,405 - root - INFO - Command 'generate' from plugin 'generate' registered.
2024-03-25 15:55:15,408 - root - INFO - Command 'greet' from plugin 'greet' registered.
2024-03-25 15:55:15,411 - root - INFO - Command 'menu' from plugin 'menu' registered.
2024-03-25 15:55:15,414 - root - INFO - Command 'multiply' from plugin 'multiply' registered.
2024-03-25 15:55:15,415 - root - INFO - Command 'subtract' from plugin 'subtract' registered.
2024-03-25 15:55:15,415 - root - INFO - Application started. Type 'exit' to exit.
2024-03-25 15:55:15,415 - root - INFO - Application exit.
2024-03-25 15:55:15,415 - root - INFO - Application shutdown.
2024-03-25 15:55:15,449 - root - INFO - The numbers added are num1: 5.0 & num2: 7.0; the sum is 12.0
2024-03-25 15:55:15,533 - root - INFO - The numbers subtracted are num1: 7.0 & num2: 7.0; the difference is 0.0
2024-03-25 15:55:15,603 - root - INFO - The numbers multiplied are num1: 5.0 & num2: 7.0; the product is 35.0
2024-03-25 15:55:15,686 - root - INFO - The numbers divided are num1: 7.0 & num2: 7.0; the quotient is 1.0
2024-03-25 15:55:31,066 - root - INFO - Logging configured.
2024-03-25 15:55:31,074 - root - INFO - Environment variables loaded.
2024-03-25 15:55:31,078 - root - INFO - Command 'add' from plugin 'add' registered.
2024-03-25 15:55:32,966 - root - INFO - Command 'csv' from plugin 'csv' registered.
2024-03-25 15:55:32,971 - root - INFO - Command 'data' from plugin 'data' registered.
2024-03-25 15:55:32,973 - root - INFO - Command 'divide' from plugin 'divide' registered.
2024-03-25 15:55:32,978 - root - INFO - Command 'exit' from plugin 'exit' registered.
2024-03-25 15:55:32,981 - root - INFO - Command 'generate' from plugin 'generate' registered.
2024-03-25 15:55:32,992 - root - INFO - Command 'greet' from plugin 'greet' registered.
2024-03-25 15:55:32,995 - root - INFO - Command 'menu' from plugin 'menu' registered.
2024-03-25 15:55:32,996 - root - INFO - Command 'multiply' from plugin 'multiply' registered.
2024-03-25 15:55:32,998 - root - INFO - Command 'subtract' from plugin 'subtract' registered.
2024-03-25 15:55:32,998 - root - INFO - Application started. Type 'exit' to exit.
2024-03-25 15:55:32,998 - root - INFO - Application exit.
2024-03-25 15:55:32,998 - root - INFO - Application shutdown.
2024-03-25 15:55:33,025 - root - INFO - Logging configured.
2024-03-25 15:55:33,028 - root - INFO - Environment variables loaded.
2024-03-25 15:55:33,031 - root - INFO - Command 'add' from plugin 'add' registered.
2024-03-25 15:55:33,033 - root - INFO - Command 'csv' from plugin 'csv' registered.
2024-03-25 15:55:33,034 - root - INFO - Command 'data' from plugin 'data' registered.
2024-03-25 15:55:33,037 - root - INFO - Command 'divide' from plugin 'divide' registered.
2024-03-25 15:55:33,038 - root - INFO - Command 'exit' from plugin 'exit' registered.
2024-03-25 15:55:33,041 - root - INFO - Command 'generate' from plugin 'generate' registered.
2024-03-25 15:55:33,045 - root - INFO - Command 'greet' from plugin 'greet' registered.
2024-03-25 15:55:33,046 - root - INFO - Command 'menu' from plugin 'menu' registered.
2024-03-25 15:55:33,048 - root - INFO - Command 'multiply' from plugin 'multiply' registered.
2024-03-25 15:55:33,048 - root - INFO - Command 'subtract' from plugin 'subtract' registered.
2024-03-25 15:55:33,048 - root - INFO - Application started. Type 'exit' to exit.
2024-03-25 15:55:33,048 - root - INFO - Application exit.
2024-03-25 15:55:33,048 - root - INFO - Application shutdown.
2024-03-25 15:55:33,085 - root - INFO - Logging configured.
2024-03-25 15:55:33,087 - root - INFO - Environment variables loaded.
2024-03-25 15:55:33,090 - root - INFO - Command 'add' from plugin 'add' registered.
2024-03-25 15:55:33,094 - root - INFO - Command 'csv' from plugin 'csv' registered.
2024-03-25 15:55:33,094 - root - INFO - Command 'data' from plugin 'data' registered.
2024-03-25 15:55:33,094 - root - INFO - Command 'divide' from plugin 'divide' registered.
2024-03-25 15:55:33,098 - root - INFO - Command 'exit' from plugin 'exit' registered.
2024-03-25 15:55:33,098 - root - INFO - Command 'generate' from plugin 'generate' registered.
2024-03-25 15:55:33,103 - root - INFO - Command 'greet' from plugin 'greet' registered.
2024-03-25 15:55:33,103 - root - INFO - Command 'menu' from plugin 'menu' registered.
2024-03-25 15:55:33,103 - root - INFO - Command 'multiply' from plugin 'multiply' registered.
2024-03-25 15:55:33,107 - root - INFO - Command 'subtract' from plugin 'subtract' registered.
2024-03-25 15:55:33,107 - root - INFO - Application started. Type 'exit' to exit.
2024-03-25 15:55:33,111 - root - INFO - Application exit.
2024-03-25 15:55:33,111 - root - INFO - Application shutdown.
2024-03-25 15:55:33,134 - root - INFO - Logging configured.
2024-03-25 15:55:33,138 - root - INFO - Environment variables loaded.
2024-03-25 15:55:33,143 - root - INFO - Command 'add' from plugin 'add' registered.
2024-03-25 15:55:33,143 - root - INFO - Command 'csv' from plugin 'csv' registered.
2024-03-25 15:55:33,143 - root - INFO - Command 'data' from plugin 'data' registered.
2024-03-25 15:55:33,143 - root - INFO - Command 'divide' from plugin 'divide' registered.
2024-03-25 15:55:33,143 - root - INFO - Command 'exit' from plugin 'exit' registered.
2024-03-25 15:55:33,143 - root - INFO - Command 'generate' from plugin 'generate' registered.
2024-03-25 15:55:33,152 - root - INFO - Command 'greet' from plugin 'greet' registered.
2024-03-25 15:55:33,154 - root - INFO - Command 'menu' from plugin 'menu' registered.
2024-03-25 15:55:33,154 - root - INFO - Command 'multiply' from plugin 'multiply' registered.
2024-03-25 15:55:33,154 - root - INFO - Command 'subtract' from plugin 'subtract' registered.
2024-03-25 15:55:33,154 - root - INFO - Application started. Type 'exit' to exit.
2024-03-25 15:55:33,154 - root - INFO - Application exit.
2024-03-25 15:55:33,154 - root - INFO - Application shutdown.
2024-03-25 15:55:33,184 - root - INFO - The numbers added are num1: 5.0 & num2: 7.0; the sum is 12.0
2024-03-25 15:55:33,251 - root - INFO - The numbers subtracted are num1: 7.0 & num2: 7.0; the difference is 0.0
2024-03-25 15:55:33,314 - root - INFO - The numbers multiplied are num1: 5.0 & num2: 7.0; the product is 35.0
2024-03-25 15:55:33,371 - root - INFO - The numbers divided are num1: 7.0 & num2: 7.0; the quotient is 1.0
